2023-04-17 08:54:04.845 WARN  com.zaxxer.hikari.pool.HikariPool - HikariPool-1 - Thread starvation or clock leap detected (housekeeper delta=19h31m55s286ms434µs400ns).
2023-04-17 08:55:51.682 INFO  c.I.I.Service.StudentService - Created student with id: 954
2023-04-17 08:56:26.251 INFO  c.I.I.Service.CourseService - Getting course with id: 102
2023-04-17 08:57:17.590 INFO  c.I.I.Service.CourseService - Getting course with id: 102
2023-04-17 08:58:14.865 INFO  c.I.I.Service.CourseService - Getting all courses
2023-04-17 08:59:18.924 INFO  c.I.I.Service.CourseService - Getting all courses
2023-04-17 09:03:57.398 INFO  c.I.I.Service.CourseService - Getting course with id: 102
2023-04-17 09:04:37.987 INFO  c.I.I.Service.CourseService - Getting all courses
2023-04-17 09:04:50.151 INFO  c.I.I.Service.CourseService - Getting course with id: 102
2023-04-17 09:32:25.434 WARN  com.zaxxer.hikari.pool.HikariPool - HikariPool-1 - Thread starvation or clock leap detected (housekeeper delta=7m22s805ms930µs700ns).
2023-04-17 09:42:05.810 INFO  c.I.I.Service.CourseService - Getting all courses
2023-04-17 09:42:13.940 WARN  o.s.web.servlet.PageNotFound - No mapping for GET /favicon.ico
2023-04-17 09:42:35.963 INFO  c.I.I.Service.CourseService - Getting all courses
2023-04-17 09:44:29.896 INFO  c.I.I.Service.CourseService - Getting all courses
2023-04-17 09:44:46.245 INFO  c.I.I.Service.CourseService - Getting all courses
2023-04-17 09:49:43.141 INFO  c.I.I.Service.CourseService - Getting all courses
2023-04-17 09:49:43.365 WARN  o.s.w.s.m.s.DefaultHandlerExceptionResolver - Resolved [org.springframework.web.method.annotation.MethodArgumentTypeMismatchException: Failed to convert value of type 'java.lang.String' to required type 'int'; For input string: "null"]
2023-04-17 09:50:16.854 INFO  c.I.I.Service.CourseService - Getting all courses
2023-04-17 09:50:17.086 WARN  o.s.w.s.m.s.DefaultHandlerExceptionResolver - Resolved [org.springframework.web.method.annotation.MethodArgumentTypeMismatchException: Failed to convert value of type 'java.lang.String' to required type 'int'; For input string: "null"]
2023-04-17 09:50:39.984 INFO  c.I.I.Service.CourseService - Getting all courses
2023-04-17 09:50:40.136 WARN  o.s.w.s.m.s.DefaultHandlerExceptionResolver - Resolved [org.springframework.web.method.annotation.MethodArgumentTypeMismatchException: Failed to convert value of type 'java.lang.String' to required type 'int'; For input string: "null"]
2023-04-17 09:54:03.456 INFO  c.I.I.Service.CourseService - Getting all courses
2023-04-17 09:54:03.634 WARN  o.s.w.s.m.s.DefaultHandlerExceptionResolver - Resolved [org.springframework.web.method.annotation.MethodArgumentTypeMismatchException: Failed to convert value of type 'java.lang.String' to required type 'int'; For input string: "null"]
2023-04-17 09:54:34.946 INFO  c.I.I.Service.CourseService - Getting course with id: 1
2023-04-17 09:54:35.215 INFO  c.I.I.Service.CourseService - Deleted course with id: 1
2023-04-17 09:54:42.107 INFO  c.I.I.Service.CourseService - Getting all courses
2023-04-17 09:54:51.220 INFO  c.I.I.Service.TeacherService - Getting all Teacher
2023-04-17 09:54:57.682 INFO  c.I.I.Service.CourseService - Getting all courses
2023-04-17 09:56:18.545 INFO  c.I.I.Service.CourseService - Getting all courses
2023-04-17 09:56:25.879 INFO  c.I.I.Service.CourseService - Getting course with id: 102
2023-04-17 10:06:58.489 INFO  c.I.I.Service.StudentService - Created student with id: 955
2023-04-17 10:07:02.949 INFO  c.I.I.Service.CourseService - Getting all courses
2023-04-17 10:20:39.784 INFO  o.s.t.c.s.AnnotationConfigContextLoaderUtils - Could not detect default configuration classes for test class [com.InstituteManagementSystemHibernate.IMShibernate.ImShibernateApplicationTests]: ImShibernateApplicationTests does not declare any static, non-private, non-final, nested classes annotated with @Configuration.
2023-04-17 10:20:39.901 INFO  o.s.b.t.c.SpringBootTestContextBootstrapper - Found @SpringBootConfiguration com.InstituteManagementSystemHibernate.IMShibernate.ImShibernateApplication for test class com.InstituteManagementSystemHibernate.IMShibernate.ImShibernateApplicationTests
2023-04-17 10:20:40.404 INFO  o.h.validator.internal.util.Version - HV000001: Hibernate Validator 8.0.0.Final
2023-04-17 10:20:40.432 INFO  c.I.I.ImShibernateApplicationTests - Starting ImShibernateApplicationTests using Java 17.0.2 with PID 2852 (started by LAP-10 in C:\Users\LAP-10\Documents\UI\IMSwithTecherCourse\IMShibernate)
2023-04-17 10:20:40.434 INFO  c.I.I.ImShibernateApplicationTests - No active profile set, falling back to 1 default profile: "default"
2023-04-17 10:20:41.687 INFO  o.s.d.r.c.RepositoryConfigurationDelegate - Bootstrapping Spring Data JPA repositories in DEFAULT mode.
2023-04-17 10:20:41.785 INFO  o.s.d.r.c.RepositoryConfigurationDelegate - Finished Spring Data repository scanning in 88 ms. Found 3 JPA repository interfaces.
2023-04-17 10:20:42.526 INFO  o.h.jpa.internal.util.LogHelper - HHH000204: Processing PersistenceUnitInfo [name: default]
2023-04-17 10:20:42.605 INFO  org.hibernate.Version - HHH000412: Hibernate ORM core version 6.1.7.Final
2023-04-17 10:20:42.837 WARN  org.hibernate.orm.deprecation - HHH90000021: Encountered deprecated setting [javax.persistence.validation.mode], use [jakarta.persistence.validation.mode] instead
2023-04-17 10:20:43.105 INFO  com.zaxxer.hikari.HikariDataSource - HikariPool-1 - Starting...
2023-04-17 10:20:43.645 INFO  com.zaxxer.hikari.pool.HikariPool - HikariPool-1 - Added connection com.mysql.cj.jdbc.ConnectionImpl@31006a75
2023-04-17 10:20:43.648 INFO  com.zaxxer.hikari.HikariDataSource - HikariPool-1 - Start completed.
2023-04-17 10:20:43.743 INFO  SQL dialect - HHH000400: Using dialect: org.hibernate.dialect.MySQLDialect
2023-04-17 10:20:44.905 INFO  o.h.e.t.j.p.i.JtaPlatformInitiator - HHH000490: Using JtaPlatform implementation: [org.hibernate.engine.transaction.jta.platform.internal.NoJtaPlatform]
2023-04-17 10:20:44.941 INFO  o.s.o.j.LocalContainerEntityManagerFactoryBean - Initialized JPA EntityManagerFactory for persistence unit 'default'
2023-04-17 10:20:45.638 WARN  o.s.b.a.o.j.JpaBaseConfiguration$JpaWebConfiguration - spring.jpa.open-in-view is enabled by default. Therefore, database queries may be performed during view rendering. Explicitly configure spring.jpa.open-in-view to disable this warning
2023-04-17 10:20:46.967 INFO  o.s.s.web.DefaultSecurityFilterChain - Will secure any request with [org.springframework.security.web.session.DisableEncodeUrlFilter@294ebdae, org.springframework.security.web.context.request.async.WebAsyncManagerIntegrationFilter@e280006, org.springframework.security.web.context.SecurityContextHolderFilter@519eab1e, org.springframework.security.web.header.HeaderWriterFilter@7d3a2459, org.springframework.web.filter.CorsFilter@54e3cba2, org.springframework.security.web.authentication.logout.LogoutFilter@148f94dc, org.springframework.security.web.authentication.www.BasicAuthenticationFilter@46573cfe, org.springframework.security.web.savedrequest.RequestCacheAwareFilter@65880400, org.springframework.security.web.servletapi.SecurityContextHolderAwareRequestFilter@415419a4, org.springframework.security.web.authentication.AnonymousAuthenticationFilter@4f1aa2bc, org.springframework.security.web.access.ExceptionTranslationFilter@2559f65c, org.springframework.security.web.access.intercept.FilterSecurityInterceptor@504274c1]
2023-04-17 10:20:47.357 INFO  c.I.I.ImShibernateApplicationTests - Started ImShibernateApplicationTests in 7.189 seconds (process running for 8.635)
2023-04-17 10:20:47.595 INFO  o.s.o.j.LocalContainerEntityManagerFactoryBean - Closing JPA EntityManagerFactory for persistence unit 'default'
2023-04-17 10:20:47.599 INFO  com.zaxxer.hikari.HikariDataSource - HikariPool-1 - Shutdown initiated...
2023-04-17 10:20:47.610 INFO  com.zaxxer.hikari.HikariDataSource - HikariPool-1 - Shutdown completed.
2023-04-17 10:27:35.263 INFO  o.s.o.j.LocalContainerEntityManagerFactoryBean - Closing JPA EntityManagerFactory for persistence unit 'default'
2023-04-17 10:27:35.332 INFO  com.zaxxer.hikari.HikariDataSource - HikariPool-1 - Shutdown initiated...
2023-04-17 10:27:35.372 INFO  com.zaxxer.hikari.HikariDataSource - HikariPool-1 - Shutdown completed.
2023-04-17 10:46:11.322 INFO  o.s.t.c.s.AnnotationConfigContextLoaderUtils - Could not detect default configuration classes for test class [com.InstituteManagementSystemHibernate.IMShibernate.ImShibernateApplicationTests]: ImShibernateApplicationTests does not declare any static, non-private, non-final, nested classes annotated with @Configuration.
2023-04-17 10:46:11.435 INFO  o.s.b.t.c.SpringBootTestContextBootstrapper - Found @SpringBootConfiguration com.InstituteManagementSystemHibernate.IMShibernate.ImShibernateApplication for test class com.InstituteManagementSystemHibernate.IMShibernate.ImShibernateApplicationTests
2023-04-17 10:46:11.957 INFO  o.h.validator.internal.util.Version - HV000001: Hibernate Validator 8.0.0.Final
2023-04-17 10:46:11.989 INFO  c.I.I.ImShibernateApplicationTests - Starting ImShibernateApplicationTests using Java 17.0.2 with PID 13736 (started by LAP-10 in C:\Users\LAP-10\Documents\UI\IMSwithTecherCourse\IMShibernate)
2023-04-17 10:46:11.991 INFO  c.I.I.ImShibernateApplicationTests - No active profile set, falling back to 1 default profile: "default"
2023-04-17 10:46:13.105 INFO  o.s.d.r.c.RepositoryConfigurationDelegate - Bootstrapping Spring Data JPA repositories in DEFAULT mode.
2023-04-17 10:46:13.191 INFO  o.s.d.r.c.RepositoryConfigurationDelegate - Finished Spring Data repository scanning in 70 ms. Found 3 JPA repository interfaces.
2023-04-17 10:46:13.792 INFO  o.h.jpa.internal.util.LogHelper - HHH000204: Processing PersistenceUnitInfo [name: default]
2023-04-17 10:46:13.913 INFO  org.hibernate.Version - HHH000412: Hibernate ORM core version 6.1.7.Final
2023-04-17 10:46:14.121 WARN  org.hibernate.orm.deprecation - HHH90000021: Encountered deprecated setting [javax.persistence.validation.mode], use [jakarta.persistence.validation.mode] instead
2023-04-17 10:46:14.447 INFO  com.zaxxer.hikari.HikariDataSource - HikariPool-1 - Starting...
2023-04-17 10:46:15.011 INFO  com.zaxxer.hikari.pool.HikariPool - HikariPool-1 - Added connection com.mysql.cj.jdbc.ConnectionImpl@2a425cf5
2023-04-17 10:46:15.015 INFO  com.zaxxer.hikari.HikariDataSource - HikariPool-1 - Start completed.
2023-04-17 10:46:15.098 INFO  SQL dialect - HHH000400: Using dialect: org.hibernate.dialect.MySQLDialect
2023-04-17 10:46:16.193 INFO  o.h.e.t.j.p.i.JtaPlatformInitiator - HHH000490: Using JtaPlatform implementation: [org.hibernate.engine.transaction.jta.platform.internal.NoJtaPlatform]
2023-04-17 10:46:16.204 INFO  o.s.o.j.LocalContainerEntityManagerFactoryBean - Initialized JPA EntityManagerFactory for persistence unit 'default'
2023-04-17 10:46:16.763 WARN  o.s.b.a.o.j.JpaBaseConfiguration$JpaWebConfiguration - spring.jpa.open-in-view is enabled by default. Therefore, database queries may be performed during view rendering. Explicitly configure spring.jpa.open-in-view to disable this warning
2023-04-17 10:46:18.022 INFO  o.s.s.web.DefaultSecurityFilterChain - Will secure any request with [org.springframework.security.web.session.DisableEncodeUrlFilter@25c98637, org.springframework.security.web.context.request.async.WebAsyncManagerIntegrationFilter@fbdba1c, org.springframework.security.web.context.SecurityContextHolderFilter@641ab175, org.springframework.security.web.header.HeaderWriterFilter@240f712e, org.springframework.web.filter.CorsFilter@108fd5d5, org.springframework.security.web.authentication.logout.LogoutFilter@460df441, org.springframework.security.web.authentication.www.BasicAuthenticationFilter@2b55ea4d, org.springframework.security.web.savedrequest.RequestCacheAwareFilter@6b35b0f4, org.springframework.security.web.servletapi.SecurityContextHolderAwareRequestFilter@2cf669f2, org.springframework.security.web.authentication.AnonymousAuthenticationFilter@4125bc3c, org.springframework.security.web.access.ExceptionTranslationFilter@eea0b48, org.springframework.security.web.access.intercept.FilterSecurityInterceptor@2f7d8a7c]
2023-04-17 10:46:18.438 INFO  c.I.I.ImShibernateApplicationTests - Started ImShibernateApplicationTests in 6.75 seconds (process running for 8.161)
2023-04-17 10:46:18.673 INFO  o.s.o.j.LocalContainerEntityManagerFactoryBean - Closing JPA EntityManagerFactory for persistence unit 'default'
2023-04-17 10:46:18.676 INFO  com.zaxxer.hikari.HikariDataSource - HikariPool-1 - Shutdown initiated...
2023-04-17 10:46:18.687 INFO  com.zaxxer.hikari.HikariDataSource - HikariPool-1 - Shutdown completed.
2023-04-17 11:59:37.679 INFO  o.h.validator.internal.util.Version - HV000001: Hibernate Validator 8.0.0.Final
2023-04-17 11:59:37.759 INFO  c.I.I.ImShibernateApplication - Starting ImShibernateApplication using Java 17.0.2 with PID 1836 (C:\Users\LAP-10\Documents\UI\IMSwithTecherCourse\IMShibernate\target\classes started by LAP-10 in C:\Users\LAP-10\Documents\UI\IMSwithTecherCourse\IMShibernate)
2023-04-17 11:59:37.761 INFO  c.I.I.ImShibernateApplication - No active profile set, falling back to 1 default profile: "default"
2023-04-17 11:59:39.232 INFO  o.s.d.r.c.RepositoryConfigurationDelegate - Bootstrapping Spring Data JPA repositories in DEFAULT mode.
2023-04-17 11:59:39.341 INFO  o.s.d.r.c.RepositoryConfigurationDelegate - Finished Spring Data repository scanning in 94 ms. Found 3 JPA repository interfaces.
2023-04-17 11:59:40.216 INFO  o.s.b.w.e.tomcat.TomcatWebServer - Tomcat initialized with port(s): 8080 (http)
2023-04-17 11:59:40.227 INFO  o.a.coyote.http11.Http11NioProtocol - Initializing ProtocolHandler ["http-nio-8080"]
2023-04-17 11:59:40.228 INFO  o.a.catalina.core.StandardService - Starting service [Tomcat]
2023-04-17 11:59:40.228 INFO  o.a.catalina.core.StandardEngine - Starting Servlet engine: [Apache Tomcat/10.1.7]
2023-04-17 11:59:40.360 INFO  o.a.c.c.C.[Tomcat].[localhost].[/] - Initializing Spring embedded WebApplicationContext
2023-04-17 11:59:40.360 INFO  o.s.b.w.s.c.ServletWebServerApplicationContext - Root WebApplicationContext: initialization completed in 2519 ms
2023-04-17 11:59:40.642 INFO  o.h.jpa.internal.util.LogHelper - HHH000204: Processing PersistenceUnitInfo [name: default]
2023-04-17 11:59:40.745 INFO  org.hibernate.Version - HHH000412: Hibernate ORM core version 6.1.7.Final
2023-04-17 11:59:40.954 WARN  org.hibernate.orm.deprecation - HHH90000021: Encountered deprecated setting [javax.persistence.validation.mode], use [jakarta.persistence.validation.mode] instead
2023-04-17 11:59:41.199 INFO  com.zaxxer.hikari.HikariDataSource - HikariPool-1 - Starting...
2023-04-17 11:59:41.694 INFO  com.zaxxer.hikari.pool.HikariPool - HikariPool-1 - Added connection com.mysql.cj.jdbc.ConnectionImpl@733fae8
2023-04-17 11:59:41.696 INFO  com.zaxxer.hikari.HikariDataSource - HikariPool-1 - Start completed.
2023-04-17 11:59:41.765 INFO  SQL dialect - HHH000400: Using dialect: org.hibernate.dialect.MySQLDialect
2023-04-17 11:59:43.646 INFO  o.h.e.t.j.p.i.JtaPlatformInitiator - HHH000490: Using JtaPlatform implementation: [org.hibernate.engine.transaction.jta.platform.internal.NoJtaPlatform]
2023-04-17 11:59:43.667 INFO  o.s.o.j.LocalContainerEntityManagerFactoryBean - Initialized JPA EntityManagerFactory for persistence unit 'default'
2023-04-17 11:59:44.625 WARN  o.s.b.a.o.j.JpaBaseConfiguration$JpaWebConfiguration - spring.jpa.open-in-view is enabled by default. Therefore, database queries may be performed during view rendering. Explicitly configure spring.jpa.open-in-view to disable this warning
2023-04-17 11:59:46.863 INFO  o.s.s.web.DefaultSecurityFilterChain - Will secure any request with [org.springframework.security.web.session.DisableEncodeUrlFilter@224e7aa5, org.springframework.security.web.context.request.async.WebAsyncManagerIntegrationFilter@89ff043, org.springframework.security.web.context.SecurityContextHolderFilter@3eb641a8, org.springframework.security.web.header.HeaderWriterFilter@481c1e92, org.springframework.web.filter.CorsFilter@4d145177, org.springframework.security.web.authentication.logout.LogoutFilter@694c0ed1, org.springframework.security.web.authentication.www.BasicAuthenticationFilter@396ec737, org.springframework.security.web.savedrequest.RequestCacheAwareFilter@61ec2cb5, org.springframework.security.web.servletapi.SecurityContextHolderAwareRequestFilter@3889c343, org.springframework.security.web.authentication.AnonymousAuthenticationFilter@1f57fa23, org.springframework.security.web.access.ExceptionTranslationFilter@5d782a4a, org.springframework.security.web.access.intercept.FilterSecurityInterceptor@3555d804]
2023-04-17 11:59:47.437 INFO  o.a.coyote.http11.Http11NioProtocol - Starting ProtocolHandler ["http-nio-8080"]
2023-04-17 11:59:47.486 INFO  o.s.b.w.e.tomcat.TomcatWebServer - Tomcat started on port(s): 8080 (http) with context path ''
2023-04-17 11:59:47.508 INFO  c.I.I.ImShibernateApplication - Started ImShibernateApplication in 10.207 seconds (process running for 11.35)
2023-04-17 11:59:52.831 INFO  o.a.c.c.C.[Tomcat].[localhost].[/] - Initializing Spring DispatcherServlet 'dispatcherServlet'
2023-04-17 11:59:52.832 INFO  o.s.web.servlet.DispatcherServlet - Initializing Servlet 'dispatcherServlet'
2023-04-17 11:59:52.834 INFO  o.s.web.servlet.DispatcherServlet - Completed initialization in 2 ms
2023-04-17 11:59:53.835 INFO  c.I.I.Service.StudentService - Created student with id: 1002
2023-04-17 11:59:58.272 INFO  c.I.I.Service.StudentService - Getting all student
2023-04-17 12:00:05.079 INFO  c.I.I.Service.StudentService - get student with id: 454
2023-04-17 12:00:05.350 INFO  c.I.I.Service.StudentService - get student with id: 454
2023-04-17 12:02:23.165 INFO  c.I.I.Service.StudentService - get student with id: 454
2023-04-17 12:02:23.394 INFO  c.I.I.Service.StudentService - get student with id: 454
2023-04-17 12:02:38.909 INFO  c.I.I.Service.StudentService - Getting all student
2023-04-17 12:04:45.329 INFO  c.I.I.Service.StudentService - get student with id: 454
2023-04-17 12:04:45.542 INFO  c.I.I.Service.StudentService - get student with id: 454
2023-04-17 12:08:37.882 INFO  c.I.I.Service.StudentService - Created student with id: 1003
2023-04-17 12:08:45.454 INFO  c.I.I.Service.StudentService - Getting all student
2023-04-17 12:08:58.647 INFO  c.I.I.Service.StudentService - get student with id: 1003
2023-04-17 12:08:58.846 INFO  c.I.I.Service.StudentService - get student with id: 1003
2023-04-17 12:08:58.858 ERROR o.a.c.c.C.[.[.[.[dispatcherServlet] - Servlet.service() for servlet [dispatcherServlet] in context with path [] threw exception
java.nio.file.NoSuchFileException: .\src\main\resources\static\student_images\1003_yaqeen.jpg
	at java.base/sun.nio.fs.WindowsException.translateToIOException(WindowsException.java:85)
	at java.base/sun.nio.fs.WindowsException.rethrowAsIOException(WindowsException.java:103)
	at java.base/sun.nio.fs.WindowsException.rethrowAsIOException(WindowsException.java:108)
	at java.base/sun.nio.fs.WindowsFileSystemProvider.newByteChannel(WindowsFileSystemProvider.java:236)
	at java.base/java.nio.file.Files.newByteChannel(Files.java:380)
	at java.base/java.nio.file.Files.newByteChannel(Files.java:432)
	at java.base/java.nio.file.Files.readAllBytes(Files.java:3288)
	at com.InstituteManagementSystemHibernate.IMShibernate.Controller.StudentController.getStudentWithImage(StudentController.java:62)
	at java.base/jdk.internal.reflect.NativeMethodAccessorImpl.invoke0(Native Method)
	at java.base/jdk.internal.reflect.NativeMethodAccessorImpl.invoke(NativeMethodAccessorImpl.java:77)
	at java.base/jdk.internal.reflect.DelegatingMethodAccessorImpl.invoke(DelegatingMethodAccessorImpl.java:43)
	at java.base/java.lang.reflect.Method.invoke(Method.java:568)
	at org.springframework.web.method.support.InvocableHandlerMethod.doInvoke(InvocableHandlerMethod.java:207)
	at org.springframework.web.method.support.InvocableHandlerMethod.invokeForRequest(InvocableHandlerMethod.java:152)
	at org.springframework.web.servlet.mvc.method.annotation.ServletInvocableHandlerMethod.invokeAndHandle(ServletInvocableHandlerMethod.java:118)
	at org.springframework.web.servlet.mvc.method.annotation.RequestMappingHandlerAdapter.invokeHandlerMethod(RequestMappingHandlerAdapter.java:884)
	at org.springframework.web.servlet.mvc.method.annotation.RequestMappingHandlerAdapter.handleInternal(RequestMappingHandlerAdapter.java:797)
	at org.springframework.web.servlet.mvc.method.AbstractHandlerMethodAdapter.handle(AbstractHandlerMethodAdapter.java:87)
	at org.springframework.web.servlet.DispatcherServlet.doDispatch(DispatcherServlet.java:1081)
	at org.springframework.web.servlet.DispatcherServlet.doService(DispatcherServlet.java:974)
	at org.springframework.web.servlet.FrameworkServlet.processRequest(FrameworkServlet.java:1011)
	at org.springframework.web.servlet.FrameworkServlet.doGet(FrameworkServlet.java:903)
	at jakarta.servlet.http.HttpServlet.service(HttpServlet.java:537)
	at org.springframework.web.servlet.FrameworkServlet.service(FrameworkServlet.java:885)
	at jakarta.servlet.http.HttpServlet.service(HttpServlet.java:631)
	at org.apache.catalina.core.ApplicationFilterChain.internalDoFilter(ApplicationFilterChain.java:205)
	at org.apache.catalina.core.ApplicationFilterChain.doFilter(ApplicationFilterChain.java:149)
	at org.apache.tomcat.websocket.server.WsFilter.doFilter(WsFilter.java:53)
	at org.apache.catalina.core.ApplicationFilterChain.internalDoFilter(ApplicationFilterChain.java:174)
	at org.apache.catalina.core.ApplicationFilterChain.doFilter(ApplicationFilterChain.java:149)
	at org.springframework.security.web.FilterChainProxy.lambda$doFilterInternal$3(FilterChainProxy.java:231)
	at org.springframework.security.web.FilterChainProxy$VirtualFilterChain.doFilter(FilterChainProxy.java:365)
	at org.springframework.security.web.access.intercept.FilterSecurityInterceptor.invoke(FilterSecurityInterceptor.java:117)
	at org.springframework.security.web.access.intercept.FilterSecurityInterceptor.doFilter(FilterSecurityInterceptor.java:83)
	at org.springframework.security.web.FilterChainProxy$VirtualFilterChain.doFilter(FilterChainProxy.java:374)
	at org.springframework.security.web.access.ExceptionTranslationFilter.doFilter(ExceptionTranslationFilter.java:126)
	at org.springframework.security.web.access.ExceptionTranslationFilter.doFilter(ExceptionTranslationFilter.java:120)
	at org.springframework.security.web.FilterChainProxy$VirtualFilterChain.doFilter(FilterChainProxy.java:374)
	at org.springframework.security.web.authentication.AnonymousAuthenticationFilter.doFilter(AnonymousAuthenticationFilter.java:100)
	at org.springframework.security.web.FilterChainProxy$VirtualFilterChain.doFilter(FilterChainProxy.java:374)
	at org.springframework.security.web.servletapi.SecurityContextHolderAwareRequestFilter.doFilter(SecurityContextHolderAwareRequestFilter.java:179)
	at org.springframework.security.web.FilterChainProxy$VirtualFilterChain.doFilter(FilterChainProxy.java:374)
	at org.springframework.security.web.savedrequest.RequestCacheAwareFilter.doFilter(RequestCacheAwareFilter.java:63)
	at org.springframework.security.web.FilterChainProxy$VirtualFilterChain.doFilter(FilterChainProxy.java:374)
	at org.springframework.security.web.authentication.www.BasicAuthenticationFilter.doFilterInternal(BasicAuthenticationFilter.java:202)
	at org.springframework.web.filter.OncePerRequestFilter.doFilter(OncePerRequestFilter.java:116)
	at org.springframework.security.web.FilterChainProxy$VirtualFilterChain.doFilter(FilterChainProxy.java:374)
	at org.springframework.security.web.authentication.logout.LogoutFilter.doFilter(LogoutFilter.java:107)
	at org.springframework.security.web.authentication.logout.LogoutFilter.doFilter(LogoutFilter.java:93)
	at org.springframework.security.web.FilterChainProxy$VirtualFilterChain.doFilter(FilterChainProxy.java:374)
	at org.springframework.web.filter.CorsFilter.doFilterInternal(CorsFilter.java:91)
	at org.springframework.web.filter.OncePerRequestFilter.doFilter(OncePerRequestFilter.java:116)
	at org.springframework.security.web.FilterChainProxy$VirtualFilterChain.doFilter(FilterChainProxy.java:374)
	at org.springframework.security.web.header.HeaderWriterFilter.doHeadersAfter(HeaderWriterFilter.java:90)
	at org.springframework.security.web.header.HeaderWriterFilter.doFilterInternal(HeaderWriterFilter.java:75)
	at org.springframework.web.filter.OncePerRequestFilter.doFilter(OncePerRequestFilter.java:116)
	at org.springframework.security.web.FilterChainProxy$VirtualFilterChain.doFilter(FilterChainProxy.java:374)
	at org.springframework.security.web.context.SecurityContextHolderFilter.doFilter(SecurityContextHolderFilter.java:82)
	at org.springframework.security.web.context.SecurityContextHolderFilter.doFilter(SecurityContextHolderFilter.java:69)
	at org.springframework.security.web.FilterChainProxy$VirtualFilterChain.doFilter(FilterChainProxy.java:374)
	at org.springframework.security.web.context.request.async.WebAsyncManagerIntegrationFilter.doFilterInternal(WebAsyncManagerIntegrationFilter.java:62)
	at org.springframework.web.filter.OncePerRequestFilter.doFilter(OncePerRequestFilter.java:116)
	at org.springframework.security.web.FilterChainProxy$VirtualFilterChain.doFilter(FilterChainProxy.java:374)
	at org.springframework.security.web.session.DisableEncodeUrlFilter.doFilterInternal(DisableEncodeUrlFilter.java:42)
	at org.springframework.web.filter.OncePerRequestFilter.doFilter(OncePerRequestFilter.java:116)
	at org.springframework.security.web.FilterChainProxy$VirtualFilterChain.doFilter(FilterChainProxy.java:374)
	at org.springframework.security.web.FilterChainProxy.doFilterInternal(FilterChainProxy.java:233)
	at org.springframework.security.web.FilterChainProxy.doFilter(FilterChainProxy.java:191)
	at org.springframework.web.filter.DelegatingFilterProxy.invokeDelegate(DelegatingFilterProxy.java:352)
	at org.springframework.web.filter.DelegatingFilterProxy.doFilter(DelegatingFilterProxy.java:268)
	at org.apache.catalina.core.ApplicationFilterChain.internalDoFilter(ApplicationFilterChain.java:174)
	at org.apache.catalina.core.ApplicationFilterChain.doFilter(ApplicationFilterChain.java:149)
	at org.springframework.web.filter.RequestContextFilter.doFilterInternal(RequestContextFilter.java:100)
	at org.springframework.web.filter.OncePerRequestFilter.doFilter(OncePerRequestFilter.java:116)
	at org.apache.catalina.core.ApplicationFilterChain.internalDoFilter(ApplicationFilterChain.java:174)
	at org.apache.catalina.core.ApplicationFilterChain.doFilter(ApplicationFilterChain.java:149)
	at org.springframework.web.filter.FormContentFilter.doFilterInternal(FormContentFilter.java:93)
	at org.springframework.web.filter.OncePerRequestFilter.doFilter(OncePerRequestFilter.java:116)
	at org.apache.catalina.core.ApplicationFilterChain.internalDoFilter(ApplicationFilterChain.java:174)
	at org.apache.catalina.core.ApplicationFilterChain.doFilter(ApplicationFilterChain.java:149)
	at org.springframework.web.filter.CharacterEncodingFilter.doFilterInternal(CharacterEncodingFilter.java:201)
	at org.springframework.web.filter.OncePerRequestFilter.doFilter(OncePerRequestFilter.java:116)
	at org.apache.catalina.core.ApplicationFilterChain.internalDoFilter(ApplicationFilterChain.java:174)
	at org.apache.catalina.core.ApplicationFilterChain.doFilter(ApplicationFilterChain.java:149)
	at org.apache.catalina.core.StandardWrapperValve.invoke(StandardWrapperValve.java:166)
	at org.apache.catalina.core.StandardContextValve.invoke(StandardContextValve.java:90)
	at org.apache.catalina.authenticator.AuthenticatorBase.invoke(AuthenticatorBase.java:493)
	at org.apache.catalina.core.StandardHostValve.invoke(StandardHostValve.java:115)
	at org.apache.catalina.valves.ErrorReportValve.invoke(ErrorReportValve.java:93)
	at org.apache.catalina.core.StandardEngineValve.invoke(StandardEngineValve.java:74)
	at org.apache.catalina.connector.CoyoteAdapter.service(CoyoteAdapter.java:341)
	at org.apache.coyote.http11.Http11Processor.service(Http11Processor.java:390)
	at org.apache.coyote.AbstractProcessorLight.process(AbstractProcessorLight.java:63)
	at org.apache.coyote.AbstractProtocol$ConnectionHandler.process(AbstractProtocol.java:894)
	at org.apache.tomcat.util.net.NioEndpoint$SocketProcessor.doRun(NioEndpoint.java:1741)
	at org.apache.tomcat.util.net.SocketProcessorBase.run(SocketProcessorBase.java:52)
	at org.apache.tomcat.util.threads.ThreadPoolExecutor.runWorker(ThreadPoolExecutor.java:1191)
	at org.apache.tomcat.util.threads.ThreadPoolExecutor$Worker.run(ThreadPoolExecutor.java:659)
	at org.apache.tomcat.util.threads.TaskThread$WrappingRunnable.run(TaskThread.java:61)
	at java.base/java.lang.Thread.run(Thread.java:833)
2023-04-17 12:11:32.252 INFO  c.I.I.Service.StudentService - get student with id: 1003
2023-04-17 12:11:32.287 INFO  c.I.I.Service.StudentService - delete student with id: 1003
2023-04-17 12:11:55.000 WARN  o.s.w.s.m.s.DefaultHandlerExceptionResolver - Resolved [org.springframework.web.HttpMediaTypeNotSupportedException: Content-Type 'application/json;charset=UTF-8' is not supported]
2023-04-17 12:12:00.559 WARN  o.s.w.s.m.s.DefaultHandlerExceptionResolver - Resolved [org.springframework.web.method.annotation.MethodArgumentTypeMismatchException: Failed to convert value of type 'java.lang.String' to required type 'int'; For input string: "withImage"]
2023-04-17 12:12:40.839 WARN  o.s.w.s.m.s.DefaultHandlerExceptionResolver - Resolved [org.springframework.web.HttpMediaTypeNotSupportedException: Content-Type 'application/json;charset=UTF-8' is not supported]
2023-04-17 12:12:55.598 INFO  c.I.I.Service.StudentService - Created student with id: 1004
2023-04-17 12:13:01.654 INFO  c.I.I.Service.StudentService - Getting all student
2023-04-17 12:13:24.571 WARN  o.s.w.s.m.s.DefaultHandlerExceptionResolver - Resolved [org.springframework.web.HttpMediaTypeNotSupportedException: Content-Type 'application/json;charset=UTF-8' is not supported]
2023-04-17 12:13:33.828 WARN  o.s.w.s.m.s.DefaultHandlerExceptionResolver - Resolved [org.springframework.web.method.annotation.MethodArgumentTypeMismatchException: Failed to convert value of type 'java.lang.String' to required type 'int'; For input string: "withImage"]
2023-04-17 12:17:58.682 INFO  c.I.I.Service.StudentService - Getting all student
2023-04-17 12:18:21.349 INFO  c.I.I.Service.StudentService - Created student with id: 1005
2023-04-17 12:18:21.426 INFO  c.I.I.Service.StudentService - updated student with id: 1005
2023-04-17 12:18:25.715 INFO  c.I.I.Service.StudentService - Getting all student
2023-04-17 12:18:37.598 INFO  c.I.I.Service.StudentService - get student with id: 1005
2023-04-17 12:18:37.824 INFO  c.I.I.Service.StudentService - get student with id: 1005
2023-04-17 12:22:16.389 INFO  c.I.I.Service.StudentService - get student with id: 1004
2023-04-17 12:22:16.410 INFO  c.I.I.Service.StudentService - delete student with id: 1004
2023-04-17 12:22:24.697 INFO  c.I.I.Service.StudentService - get student with id: 1002
2023-04-17 12:22:24.710 INFO  c.I.I.Service.StudentService - delete student with id: 1002
2023-04-17 12:22:45.282 INFO  c.I.I.Service.StudentService - get student with id: 452
2023-04-17 12:22:45.301 INFO  c.I.I.Service.StudentService - delete student with id: 452
2023-04-17 12:23:10.916 INFO  c.I.I.Service.StudentService - get student with id: 455
2023-04-17 12:23:10.951 INFO  c.I.I.Service.StudentService - delete student with id: 455
2023-04-17 12:52:48.770 WARN  com.zaxxer.hikari.pool.HikariPool - HikariPool-1 - Thread starvation or clock leap detected (housekeeper delta=29m36s604ms555µs800ns).
2023-04-17 12:53:14.085 INFO  c.I.I.Service.StudentService - get student with id: 502
2023-04-17 12:53:14.118 INFO  c.I.I.Service.StudentService - delete student with id: 502
2023-04-17 12:53:20.760 INFO  c.I.I.Service.StudentService - get student with id: 552
2023-04-17 12:53:20.775 INFO  c.I.I.Service.StudentService - delete student with id: 552
2023-04-17 12:53:40.245 INFO  c.I.I.Service.StudentService - get student with id: 602
2023-04-17 12:53:40.269 INFO  c.I.I.Service.StudentService - delete student with id: 602
2023-04-17 12:53:46.287 INFO  c.I.I.Service.StudentService - get student with id: 604
2023-04-17 12:53:46.397 INFO  c.I.I.Service.StudentService - delete student with id: 604
2023-04-17 12:54:20.216 INFO  c.I.I.Service.StudentService - get student with id: 652
2023-04-17 12:54:20.227 INFO  c.I.I.Service.StudentService - delete student with id: 652
2023-04-17 12:54:27.153 INFO  c.I.I.Service.StudentService - get student with id: 752
2023-04-17 12:54:27.169 INFO  c.I.I.Service.StudentService - delete student with id: 752
2023-04-17 12:54:38.657 INFO  c.I.I.Service.StudentService - get student with id: 702
2023-04-17 12:54:38.672 INFO  c.I.I.Service.StudentService - delete student with id: 702
2023-04-17 12:55:18.447 INFO  c.I.I.Service.StudentService - get student with id: 802
2023-04-17 12:55:18.463 INFO  c.I.I.Service.StudentService - delete student with id: 802
2023-04-17 12:55:25.419 INFO  c.I.I.Service.StudentService - get student with id: 852
2023-04-17 12:55:25.473 INFO  c.I.I.Service.StudentService - delete student with id: 852
2023-04-17 12:55:37.284 INFO  c.I.I.Service.StudentService - get student with id: 902
2023-04-17 12:55:37.334 INFO  c.I.I.Service.StudentService - delete student with id: 902
2023-04-17 12:55:43.840 INFO  c.I.I.Service.StudentService - get student with id: 952
2023-04-17 12:55:43.856 INFO  c.I.I.Service.StudentService - delete student with id: 952
2023-04-17 12:56:01.720 INFO  c.I.I.Service.StudentService - get student with id: 953
2023-04-17 12:56:01.767 INFO  c.I.I.Service.StudentService - delete student with id: 953
2023-04-17 12:56:06.984 INFO  c.I.I.Service.StudentService - get student with id: 954
2023-04-17 12:56:07.002 INFO  c.I.I.Service.StudentService - delete student with id: 954
2023-04-17 12:56:12.004 INFO  c.I.I.Service.StudentService - get student with id: 955
2023-04-17 12:56:12.050 INFO  c.I.I.Service.StudentService - delete student with id: 955
2023-04-17 12:56:33.920 INFO  c.I.I.Service.StudentService - Getting all student
2023-04-17 12:56:49.492 INFO  c.I.I.Service.TeacherService - Getting all Teacher
2023-04-17 12:57:46.117 INFO  c.I.I.Service.TeacherService - updated Teacher with id: 102
2023-04-17 12:57:52.154 INFO  c.I.I.Service.TeacherService - Getting all Teacher
2023-04-17 12:58:14.311 INFO  c.I.I.Service.CourseService - Getting all courses
2023-04-17 12:58:26.381 INFO  c.I.I.Service.CourseService - Getting course with id: 3
2023-04-17 12:58:34.374 INFO  c.I.I.Service.CourseService - Getting course with id: 102
2023-04-17 12:58:39.850 INFO  c.I.I.Service.CourseService - Getting all courses
